<?xml version="1.0" encoding="UTF-8"?>
<robot generator="Robot 3.1.2 (Python 3.8.0 on linux)" generated="20200108 20:11:31.557" rpa="false">
<suite id="s1" name="Tests" source="/home/mike/Desktop/andorra/tests">
<suite id="s1-s1" name="Mainpage" source="/home/mike/Desktop/andorra/tests/mainpage.robot">
<test id="s1-s1-t1" name="Nav elements visible">
<kw name="Open Chrome">
<kw name="Evaluate" library="BuiltIn">
<doc>Evaluates the given expression in Python and returns the results.</doc>
<arguments>
<arg>sys.modules['selenium.webdriver'].ChromeOptions()</arg>
<arg>sys, selenium.webdriver</arg>
</arguments>
<assign>
<var>${chrome_options}</var>
</assign>
<msg timestamp="20200108 20:11:31.705" level="INFO">${chrome_options} = &lt;selenium.webdriver.chrome.options.Options object at 0x7f9c88574310&gt;</msg>
<status status="PASS" starttime="20200108 20:11:31.705" endtime="20200108 20:11:31.705"></status>
</kw>
<kw name="Call Method" library="BuiltIn">
<doc>Calls the named method of the given object with the provided arguments.</doc>
<arguments>
<arg>${chrome_options}</arg>
<arg>add_argument</arg>
<arg>no-cache</arg>
</arguments>
<status status="PASS" starttime="20200108 20:11:31.706" endtime="20200108 20:11:31.706"></status>
</kw>
<kw name="Call Method" library="BuiltIn">
<doc>Calls the named method of the given object with the provided arguments.</doc>
<arguments>
<arg>${chrome_options}</arg>
<arg>add_argument</arg>
<arg>no-sandbox</arg>
</arguments>
<status status="PASS" starttime="20200108 20:11:31.706" endtime="20200108 20:11:31.707"></status>
</kw>
<kw name="Call Method" library="BuiltIn">
<doc>Calls the named method of the given object with the provided arguments.</doc>
<arguments>
<arg>${chrome_options}</arg>
<arg>add_argument</arg>
<arg>disable-dev-shm-usage</arg>
</arguments>
<status status="PASS" starttime="20200108 20:11:31.707" endtime="20200108 20:11:31.707"></status>
</kw>
<kw name="Call Method" library="BuiltIn">
<doc>Calls the named method of the given object with the provided arguments.</doc>
<arguments>
<arg>${chrome_options}</arg>
<arg>to_capabilities</arg>
</arguments>
<assign>
<var>${options}</var>
</assign>
<msg timestamp="20200108 20:11:31.707" level="INFO">${options} = {'browserName': 'chrome', 'version': '', 'platform': 'ANY', 'goog:chromeOptions': {'extensions': [], 'args': ['no-cache', 'no-sandbox', 'disable-dev-shm-usage']}}</msg>
<status status="PASS" starttime="20200108 20:11:31.707" endtime="20200108 20:11:31.707"></status>
</kw>
<kw name="Open Browser" library="SeleniumLibrary">
<doc>Opens a new browser instance to the optional ``url``.</doc>
<arguments>
<arg>${LOGIN_URL}</arg>
<arg>browser=chrome</arg>
<arg>desired_capabilities=${options}</arg>
</arguments>
<msg timestamp="20200108 20:11:31.708" level="INFO">Opening browser 'chrome' to base url 'http://andorra-ts.herokuapp.com/'.</msg>
<status status="PASS" starttime="20200108 20:11:31.707" endtime="20200108 20:11:33.544"></status>
</kw>
<status status="PASS" starttime="20200108 20:11:31.704" endtime="20200108 20:11:33.544"></status>
</kw>
<kw name="Nav Check">
<arguments>
<arg>zaloguj się</arg>
</arguments>
<kw name="Replace Variables" library="BuiltIn">
<doc>Replaces variables in the given text with their current values.</doc>
<arguments>
<arg>${overview.element}</arg>
</arguments>
<assign>
<var>${locator}</var>
</assign>
<msg timestamp="20200108 20:11:33.546" level="INFO">${locator} = //a[contains(text(), zaloguj się)]</msg>
<status status="PASS" starttime="20200108 20:11:33.545" endtime="20200108 20:11:33.546"></status>
</kw>
<kw name="Log" library="BuiltIn">
<doc>Logs the given message with the given level.</doc>
<arguments>
<arg>locator is ${locator}</arg>
</arguments>
<msg timestamp="20200108 20:11:33.547" level="INFO">locator is //a[contains(text(), zaloguj się)]</msg>
<status status="PASS" starttime="20200108 20:11:33.546" endtime="20200108 20:11:33.547"></status>
</kw>
<status status="PASS" starttime="20200108 20:11:33.545" endtime="20200108 20:11:33.547"></status>
</kw>
<kw name="Nav Check">
<arguments>
<arg>utwórz konto</arg>
</arguments>
<kw name="Replace Variables" library="BuiltIn">
<doc>Replaces variables in the given text with their current values.</doc>
<arguments>
<arg>${overview.element}</arg>
</arguments>
<assign>
<var>${locator}</var>
</assign>
<msg timestamp="20200108 20:11:33.548" level="INFO">${locator} = //a[contains(text(), utwórz konto)]</msg>
<status status="PASS" starttime="20200108 20:11:33.547" endtime="20200108 20:11:33.548"></status>
</kw>
<kw name="Log" library="BuiltIn">
<doc>Logs the given message with the given level.</doc>
<arguments>
<arg>locator is ${locator}</arg>
</arguments>
<msg timestamp="20200108 20:11:33.549" level="INFO">locator is //a[contains(text(), utwórz konto)]</msg>
<status status="PASS" starttime="20200108 20:11:33.548" endtime="20200108 20:11:33.549"></status>
</kw>
<status status="PASS" starttime="20200108 20:11:33.547" endtime="20200108 20:11:33.549"></status>
</kw>
<kw name="Nav Check">
<arguments>
<arg>przygody</arg>
</arguments>
<kw name="Replace Variables" library="BuiltIn">
<doc>Replaces variables in the given text with their current values.</doc>
<arguments>
<arg>${overview.element}</arg>
</arguments>
<assign>
<var>${locator}</var>
</assign>
<msg timestamp="20200108 20:11:33.550" level="INFO">${locator} = //a[contains(text(), przygody)]</msg>
<status status="PASS" starttime="20200108 20:11:33.549" endtime="20200108 20:11:33.550"></status>
</kw>
<kw name="Log" library="BuiltIn">
<doc>Logs the given message with the given level.</doc>
<arguments>
<arg>locator is ${locator}</arg>
</arguments>
<msg timestamp="20200108 20:11:33.550" level="INFO">locator is //a[contains(text(), przygody)]</msg>
<status status="PASS" starttime="20200108 20:11:33.550" endtime="20200108 20:11:33.551"></status>
</kw>
<status status="PASS" starttime="20200108 20:11:33.549" endtime="20200108 20:11:33.551"></status>
</kw>
<kw name="Nav Check">
<arguments>
<arg>trenning</arg>
</arguments>
<kw name="Replace Variables" library="BuiltIn">
<doc>Replaces variables in the given text with their current values.</doc>
<arguments>
<arg>${overview.element}</arg>
</arguments>
<assign>
<var>${locator}</var>
</assign>
<msg timestamp="20200108 20:11:33.552" level="INFO">${locator} = //a[contains(text(), trenning)]</msg>
<status status="PASS" starttime="20200108 20:11:33.551" endtime="20200108 20:11:33.552"></status>
</kw>
<kw name="Log" library="BuiltIn">
<doc>Logs the given message with the given level.</doc>
<arguments>
<arg>locator is ${locator}</arg>
</arguments>
<msg timestamp="20200108 20:11:33.552" level="INFO">locator is //a[contains(text(), trenning)]</msg>
<status status="PASS" starttime="20200108 20:11:33.552" endtime="20200108 20:11:33.552"></status>
</kw>
<status status="PASS" starttime="20200108 20:11:33.551" endtime="20200108 20:11:33.552"></status>
</kw>
<kw name="Nav Check">
<arguments>
<arg>statystyki</arg>
</arguments>
<kw name="Replace Variables" library="BuiltIn">
<doc>Replaces variables in the given text with their current values.</doc>
<arguments>
<arg>${overview.element}</arg>
</arguments>
<assign>
<var>${locator}</var>
</assign>
<msg timestamp="20200108 20:11:33.553" level="INFO">${locator} = //a[contains(text(), statystyki)]</msg>
<status status="PASS" starttime="20200108 20:11:33.553" endtime="20200108 20:11:33.553"></status>
</kw>
<kw name="Log" library="BuiltIn">
<doc>Logs the given message with the given level.</doc>
<arguments>
<arg>locator is ${locator}</arg>
</arguments>
<msg timestamp="20200108 20:11:33.554" level="INFO">locator is //a[contains(text(), statystyki)]</msg>
<status status="PASS" starttime="20200108 20:11:33.554" endtime="20200108 20:11:33.554"></status>
</kw>
<status status="PASS" starttime="20200108 20:11:33.553" endtime="20200108 20:11:33.554"></status>
</kw>
<kw name="Nav Check">
<arguments>
<arg>wyloguj sie</arg>
</arguments>
<kw name="Replace Variables" library="BuiltIn">
<doc>Replaces variables in the given text with their current values.</doc>
<arguments>
<arg>${overview.element}</arg>
</arguments>
<assign>
<var>${locator}</var>
</assign>
<msg timestamp="20200108 20:11:33.555" level="INFO">${locator} = //a[contains(text(), wyloguj sie)]</msg>
<status status="PASS" starttime="20200108 20:11:33.555" endtime="20200108 20:11:33.555"></status>
</kw>
<kw name="Log" library="BuiltIn">
<doc>Logs the given message with the given level.</doc>
<arguments>
<arg>locator is ${locator}</arg>
</arguments>
<msg timestamp="20200108 20:11:33.556" level="INFO">locator is //a[contains(text(), wyloguj sie)]</msg>
<status status="PASS" starttime="20200108 20:11:33.555" endtime="20200108 20:11:33.556"></status>
</kw>
<status status="PASS" starttime="20200108 20:11:33.554" endtime="20200108 20:11:33.556"></status>
</kw>
<kw name="Close Browser" library="SeleniumLibrary" type="teardown">
<doc>Closes the current browser.</doc>
<status status="PASS" starttime="20200108 20:11:33.556" endtime="20200108 20:11:33.613"></status>
</kw>
<status status="PASS" starttime="20200108 20:11:31.704" endtime="20200108 20:11:33.613" critical="yes"></status>
</test>
<kw name="Close All Browsers" library="SeleniumLibrary" type="teardown">
<doc>Closes all open browsers and resets the browser cache.</doc>
<status status="PASS" starttime="20200108 20:11:33.614" endtime="20200108 20:11:33.615"></status>
</kw>
<status status="PASS" starttime="20200108 20:11:31.578" endtime="20200108 20:11:33.615"></status>
</suite>
<status status="PASS" starttime="20200108 20:11:31.557" endtime="20200108 20:11:33.617"></status>
</suite>
<statistics>
<total>
<stat pass="1" fail="0">Critical Tests</stat>
<stat pass="1" fail="0">All Tests</stat>
</total>
<tag>
</tag>
<suite>
<stat pass="1" fail="0" id="s1" name="Tests">Tests</stat>
<stat pass="1" fail="0" id="s1-s1" name="Mainpage">Tests.Mainpage</stat>
</suite>
</statistics>
<errors>
</errors>
</robot>
